d:\visualstudio\gamecontraend\gamecontraend\debug\vc142.pdb
d:\visualstudio\gamecontraend\gamecontraend\debug\vc142.idb
d:\visualstudio\gamecontraend\gamecontraend\debug\main.obj
d:\visualstudio\gamecontraend\gamecontraend\debug\game_map.obj
d:\visualstudio\gamecontraend\gamecontraend\debug\threatsobject.obj
d:\visualstudio\gamecontraend\gamecontraend\debug\textobject.obj
d:\visualstudio\gamecontraend\gamecontraend\debug\mainobject.obj
d:\visualstudio\gamecontraend\gamecontraend\debug\imptimer.obj
d:\visualstudio\gamecontraend\gamecontraend\debug\commonfunc.obj
d:\visualstudio\gamecontraend\gamecontraend\debug\bulletobject.obj
d:\visualstudio\gamecontraend\gamecontraend\debug\baseobject.obj
d:\visualstudio\gamecontraend\gamecontraend\debug\explosionobject.obj
d:\visualstudio\gamecontraend\debug\gamecontraend.exe
d:\visualstudio\gamecontraend\debug\gamecontraend.ilk
d:\visualstudio\gamecontraend\debug\gamecontraend.pdb
d:\visualstudio\gamecontraend\gamecontraend\debug\gamecontraend.obj
d:\visualstudio\gamecontraend\gamecontraend\debug\gamecontraend.tlog\cl.command.1.tlog
d:\visualstudio\gamecontraend\gamecontraend\debug\gamecontraend.tlog\cl.read.1.tlog
d:\visualstudio\gamecontraend\gamecontraend\debug\gamecontraend.tlog\cl.write.1.tlog
d:\visualstudio\gamecontraend\gamecontraend\debug\gamecontraend.tlog\link.command.1.tlog
d:\visualstudio\gamecontraend\gamecontraend\debug\gamecontraend.tlog\link.read.1.tlog
d:\visualstudio\gamecontraend\gamecontraend\debug\gamecontraend.tlog\link.write.1.tlog
